\captionof{table}{Maquina _29 \\Numero de procesadores disponibles 16 \\Numero de threads 4}% 
Maquina _29 
Numero de procesadores disponibles 16 
Numero de threads 4
$$\begin{tabular}{|c|c|c|c|c|} 
\hline 
Metodo & $\mu$ & MIN & MAX & $\sigma^{2}$\\ 
\hline 
omp_bubble_sort & 7.280E-06 & 0.000E+00 & 7.185E-03 & 5.157E-08\\ 
\hline 
omp_odd_even_sort & 5.745E-06 & 0.000E+00 & 7.490E-04 & 3.305E-09\\ 
\hline 
omp_rank_sort & 3.475E-06 & 0.000E+00 & 4.880E-04 & 1.224E-09\\ 
\hline 
omp_counting_sort & 7.400E-08 & 0.000E+00 & 9.000E-06 & 5.465E-13\\ 
\hline 
QuickSort & 1.850E-07 & 0.000E+00 & 6.800E-05 & 6.113E-12\\ 
\hline 
RadixSort & 1.563E-06 & 0.000E+00 & 1.920E-04 & 2.433E-10\\ 
\hline 
Mergesort_Omp & 1.092E-06 & 0.000E+00 & 2.260E-04 & 1.332E-10\\ 
\hline 
\end{tabular}$$